<?xml version="1.0" encoding="UTF-8"?>
<testng-results ignored="0" total="1" passed="1" failed="0" skipped="0">
  <reporter-output>
  </reporter-output>
  <suite started-at="2024-12-17T12:50:17 IST" name="Default suite" finished-at="2024-12-17T12:50:20 IST" duration-ms="2564">
    <groups>
    </groups>
    <test started-at="2024-12-17T12:50:17 IST" name="Default test" finished-at="2024-12-17T12:50:20 IST" duration-ms="2564">
      <class name="com.restassureddemo.tests.SchemaValidatorReqResTest">
        <test-method is-config="true" signature="baseurl()[pri:0, instance:com.restassureddemo.tests.SchemaValidatorReqResTest@2cd76f31]" started-at="2024-12-17T12:50:17 IST" name="baseurl" finished-at="2024-12-17T12:50:18 IST" duration-ms="407" status="PASS">
          <reporter-output>
          </reporter-output>
        </test-method> <!-- baseurl -->
        <test-method signature="toGetData()[pri:0, instance:com.restassureddemo.tests.SchemaValidatorReqResTest@2cd76f31]" started-at="2024-12-17T12:50:18 IST" name="toGetData" finished-at="2024-12-17T12:50:20 IST" duration-ms="2123" status="PASS">
          <reporter-output>
          </reporter-output>
        </test-method> <!-- toGetData -->
      </class> <!-- com.restassureddemo.tests.SchemaValidatorReqResTest -->
    </test> <!-- Default test -->
  </suite> <!-- Default suite -->
</testng-results>
