<?xml version="1.0" encoding="UTF-8"?>
<!-- Generated by org.testng.reporters.JUnitXMLReporter -->
<testsuite ignored="0" hostname="DESKTOP-7AG018T" failures="0" tests="5" name="SystemTest" time="88.011" errors="0" timestamp="2024-12-09T17:20:10 IST">
  <testcase classname="OrangeHRM.leave.AddEntitlementTest" name="toAddEntitlements" time="17.467"/>
  <testcase classname="OrangeHRM.leave.SearchEmployeeEntitlementsTest" name="toSearchEmployeeEntitlements" time="4.368"/>
  <testcase classname="OrangeHRM.leave.MyEntitlementsTest" name="toSeeMyEntitlements" time="3.274"/>
  <testcase classname="OrangeHRM.leave.ApplyForLeaveTest" name="toApplyForLeave" time="15.528"/>
  <testcase classname="OrangeHRM.leave.SearchForLeaveTest" name="toSearchForLeave" time="4.938"/>
</testsuite> <!-- SystemTest -->
